<?xml version="1.0" encoding="utf-8"?><testsuites name="pytest tests"><testsuite name="pytest" errors="0" failures="0" skipped="0" tests="9" time="2.439" timestamp="2026-01-20T19:51:12.372029+00:00" hostname="agent-env-93055b0e-72f7-4e19-987f-c9bfd3649a18"><testcase classname="tests.test_categories_multilevel.TestCategoriesMultiLevel" name="test_get_categories_returns_counts" time="0.294" /><testcase classname="tests.test_categories_multilevel.TestCategoriesMultiLevel" name="test_create_main_category" time="0.323" /><testcase classname="tests.test_categories_multilevel.TestCategoriesMultiLevel" name="test_create_subcategory_level_1" time="0.357" /><testcase classname="tests.test_categories_multilevel.TestCategoriesMultiLevel" name="test_create_subcategory_level_2_multilevel" time="0.421" /><testcase classname="tests.test_categories_multilevel.TestCategoriesMultiLevel" name="test_update_category" time="0.338" /><testcase classname="tests.test_categories_multilevel.TestCategoriesMultiLevel" name="test_delete_category" time="0.298" /><testcase classname="tests.test_categories_multilevel.TestCategoriesMultiLevel" name="test_category_response_structure" time="0.274" /><testcase classname="tests.test_categories_multilevel.TestCategoriesUnauthenticated" name="test_get_categories_public" time="0.034" /><testcase classname="tests.test_categories_multilevel.TestCategoriesUnauthenticated" name="test_create_category_requires_auth" time="0.034" /></testsuite></testsuites>